<?xml version="1.0" encoding="UTF-8"?>
<testsuite xmlns:xsi="http://www.w3.org/2001/XMLSchema-instance" xsi:noNamespaceSchemaLocation="https://maven.apache.org/surefire/maven-failsafe-plugin/xsd/failsafe-test-report-3.0.xsd" version="3.0" name="com.camp.campr.web.rest.VideoResourceIT" time="0.382" tests="15" errors="0" skipped="0" failures="0">
  <properties>
    <property name="java.specification.version" value="17"/>
    <property name="sun.jnu.encoding" value="UTF-8"/>
    <property name="java.class.path" value="/Users/quatranipaul/Projects/FullStack-Campr/target/test-classes:/Users/quatranipaul/Projects/FullStack-Campr/target/classes:/Users/quatranipaul/.m2/repository/tech/jhipster/jhipster-framework/7.5.0/jhipster-framework-7.5.0.jar:/Users/quatranipaul/.m2/repository/org/springframework/spring-context-support/5.3.14/spring-context-support-5.3.14.jar:/Users/quatranipaul/.m2/repository/org/springframework/spring-beans/5.3.14/spring-beans-5.3.14.jar:/Users/quatranipaul/.m2/repository/org/springframework/spring-context/5.3.14/spring-context-5.3.14.jar:/Users/quatranipaul/.m2/repository/org/springframework/boot/spring-boot-starter-validation/2.5.8/spring-boot-starter-validation-2.5.8.jar:/Users/quatranipaul/.m2/repository/org/springframework/boot/spring-boot-autoconfigure/2.5.8/spring-boot-autoconfigure-2.5.8.jar:/Users/quatranipaul/.m2/repository/org/springframework/boot/spring-boot-starter-aop/2.5.8/spring-boot-starter-aop-2.5.8.jar:/Users/quatranipaul/.m2/repository/org/aspectj/aspectjweaver/1.9.7/aspectjweaver-1.9.7.jar:/Users/quatranipaul/.m2/repository/net/logstash/logback/logstash-logback-encoder/7.0.1/logstash-logback-encoder-7.0.1.jar:/Users/quatranipaul/.m2/repository/javax/annotation/javax.annotation-api/1.3.2/javax.annotation-api-1.3.2.jar:/Users/quatranipaul/.m2/repository/org/springframework/boot/spring-boot-starter-cache/2.5.8/spring-boot-starter-cache-2.5.8.jar:/Users/quatranipaul/.m2/repository/org/springframework/boot/spring-boot-starter/2.5.8/spring-boot-starter-2.5.8.jar:/Users/quatranipaul/.m2/repository/jakarta/annotation/jakarta.annotation-api/1.3.5/jakarta.annotation-api-1.3.5.jar:/Users/quatranipaul/.m2/repository/org/yaml/snakeyaml/1.28/snakeyaml-1.28.jar:/Users/quatranipaul/.m2/repository/com/fasterxml/jackson/module/jackson-module-jaxb-annotations/2.12.6/jackson-module-jaxb-annotations-2.12.6.jar:/Users/quatranipaul/.m2/repository/com/fasterxml/jackson/core/jackson-annotations/2.12.6/jackson-annotations-2.12.6.jar:/Users/quatranipaul/.m2/repository/com/fasterxml/jackson/core/jackson-core/2.12.6/jackson-core-2.12.6.jar:/Users/quatranipaul/.m2/repository/com/fasterxml/jackson/core/jackson-databind/2.12.6/jackson-databind-2.12.6.jar:/Users/quatranipaul/.m2/repository/jakarta/xml/bind/jakarta.xml.bind-api/2.3.3/jakarta.xml.bind-api-2.3.3.jar:/Users/quatranipaul/.m2/repository/jakarta/activation/jakarta.activation-api/1.2.2/jakarta.activation-api-1.2.2.jar:/Users/quatranipaul/.m2/repository/com/fasterxml/jackson/datatype/jackson-datatype-hibernate5/2.12.6/jackson-datatype-hibernate5-2.12.6.jar:/Users/quatranipaul/.m2/repository/javax/transaction/javax.transaction-api/1.3/javax.transaction-api-1.3.jar:/Users/quatranipaul/.m2/repository/com/fasterxml/jackson/datatype/jackson-datatype-hppc/2.12.6/jackson-datatype-hppc-2.12.6.jar:/Users/quatranipaul/.m2/repository/com/carrotsearch/hppc/0.8.1/hppc-0.8.1.jar:/Users/quatranipaul/.m2/repository/com/fasterxml/jackson/datatype/jackson-datatype-jsr310/2.12.6/jackson-datatype-jsr310-2.12.6.jar:/Users/quatranipaul/.m2/repository/org/springdoc/springdoc-openapi-webmvc-core/1.6.2/springdoc-openapi-webmvc-core-1.6.2.jar:/Users/quatranipaul/.m2/repository/org/springdoc/springdoc-openapi-common/1.6.2/springdoc-openapi-common-1.6.2.jar:/Users/quatranipaul/.m2/repository/io/swagger/core/v3/swagger-models/2.1.11/swagger-models-2.1.11.jar:/Users/quatranipaul/.m2/repository/io/swagger/core/v3/swagger-annotations/2.1.11/swagger-annotations-2.1.11.jar:/Users/quatranipaul/.m2/repository/io/swagger/core/v3/swagger-integration/2.1.11/swagger-integration-2.1.11.jar:/Users/quatranipaul/.m2/repository/io/swagger/core/v3/swagger-core/2.1.11/swagger-core-2.1.11.jar:/Users/quatranipaul/.m2/repository/com/fasterxml/jackson/dataformat/jackson-dataformat-yaml/2.12.6/jackson-dataformat-yaml-2.12.6.jar:/Users/quatranipaul/.m2/repository/io/github/classgraph/classgraph/4.8.116/classgraph-4.8.116.jar:/Users/quatranipaul/.m2/repository/org/springframework/spring-webmvc/5.3.14/spring-webmvc-5.3.14.jar:/Users/quatranipaul/.m2/repository/org/springframework/spring-expression/5.3.14/spring-expression-5.3.14.jar:/Users/quatranipaul/.m2/repository/com/zaxxer/HikariCP/4.0.3/HikariCP-4.0.3.jar:/Users/quatranipaul/.m2/repository/org/slf4j/slf4j-api/1.7.32/slf4j-api-1.7.32.jar:/Users/quatranipaul/.m2/repository/org/apache/commons/commons-lang3/3.12.0/commons-lang3-3.12.0.jar:/Users/quatranipaul/.m2/repository/javax/cache/cache-api/1.1.1/cache-api-1.1.1.jar:/Users/quatranipaul/.m2/repository/org/ehcache/ehcache/3.9.9/ehcache-3.9.9.jar:/Users/quatranipaul/.m2/repository/org/hibernate/hibernate-jcache/5.4.33/hibernate-jcache-5.4.33.jar:/Users/quatranipaul/.m2/repository/org/jboss/logging/jboss-logging/3.4.2.Final/jboss-logging-3.4.2.Final.jar:/Users/quatranipaul/.m2/repository/org/hibernate/hibernate-jpamodelgen/5.4.33/hibernate-jpamodelgen-5.4.33.jar:/Users/quatranipaul/.m2/repository/javax/xml/bind/jaxb-api/2.3.1/jaxb-api-2.3.1.jar:/Users/quatranipaul/.m2/repository/org/glassfish/jaxb/jaxb-runtime/2.3.5/jaxb-runtime-2.3.5.jar:/Users/quatranipaul/.m2/repository/org/glassfish/jaxb/txw2/2.3.5/txw2-2.3.5.jar:/Users/quatranipaul/.m2/repository/com/sun/istack/istack-commons-runtime/3.0.12/istack-commons-runtime-3.0.12.jar:/Users/quatranipaul/.m2/repository/com/sun/activation/jakarta.activation/1.2.2/jakarta.activation-1.2.2.jar:/Users/quatranipaul/.m2/repository/org/hibernate/hibernate-core/5.4.33/hibernate-core-5.4.33.jar:/Users/quatranipaul/.m2/repository/javax/persistence/javax.persistence-api/2.2/javax.persistence-api-2.2.jar:/Users/quatranipaul/.m2/repository/org/javassist/javassist/3.27.0-GA/javassist-3.27.0-GA.jar:/Users/quatranipaul/.m2/repository/net/bytebuddy/byte-buddy/1.10.22/byte-buddy-1.10.22.jar:/Users/quatranipaul/.m2/repository/antlr/antlr/2.7.7/antlr-2.7.7.jar:/Users/quatranipaul/.m2/repository/org/jboss/spec/javax/transaction/jboss-transaction-api_1.2_spec/1.1.1.Final/jboss-transaction-api_1.2_spec-1.1.1.Final.jar:/Users/quatranipaul/.m2/repository/org/jboss/jandex/2.2.3.Final/jandex-2.2.3.Final.jar:/Users/quatranipaul/.m2/repository/com/fasterxml/classmate/1.5.1/classmate-1.5.1.jar:/Users/quatranipaul/.m2/repository/javax/activation/javax.activation-api/1.2.0/javax.activation-api-1.2.0.jar:/Users/quatranipaul/.m2/repository/org/dom4j/dom4j/2.1.3/dom4j-2.1.3.jar:/Users/quatranipaul/.m2/repository/org/hibernate/common/hibernate-commons-annotations/5.1.2.Final/hibernate-commons-annotations-5.1.2.Final.jar:/Users/quatranipaul/.m2/repository/org/hibernate/validator/hibernate-validator/6.2.0.Final/hibernate-validator-6.2.0.Final.jar:/Users/quatranipaul/.m2/repository/jakarta/validation/jakarta.validation-api/2.0.2/jakarta.validation-api-2.0.2.jar:/Users/quatranipaul/.m2/repository/org/liquibase/liquibase-core/4.6.1/liquibase-core-4.6.1.jar:/Users/quatranipaul/.m2/repository/org/mapstruct/mapstruct/1.4.2.Final/mapstruct-1.4.2.Final.jar:/Users/quatranipaul/.m2/repository/org/mapstruct/mapstruct-processor/1.4.2.Final/mapstruct-processor-1.4.2.Final.jar:/Users/quatranipaul/.m2/repository/org/springframework/boot/spring-boot-configuration-processor/2.5.8/spring-boot-configuration-processor-2.5.8.jar:/Users/quatranipaul/.m2/repository/org/springframework/boot/spring-boot-loader-tools/2.5.8/spring-boot-loader-tools-2.5.8.jar:/Users/quatranipaul/.m2/repository/org/apache/commons/commons-compress/1.21/commons-compress-1.21.jar:/Users/quatranipaul/.m2/repository/org/springframework/spring-core/5.3.14/spring-core-5.3.14.jar:/Users/quatranipaul/.m2/repository/org/springframework/spring-jcl/5.3.14/spring-jcl-5.3.14.jar:/Users/quatranipaul/.m2/repository/org/springframework/boot/spring-boot-starter-actuator/2.5.8/spring-boot-starter-actuator-2.5.8.jar:/Users/quatranipaul/.m2/repository/org/springframework/boot/spring-boot-actuator-autoconfigure/2.5.8/spring-boot-actuator-autoconfigure-2.5.8.jar:/Users/quatranipaul/.m2/repository/org/springframework/boot/spring-boot-actuator/2.5.8/spring-boot-actuator-2.5.8.jar:/Users/quatranipaul/.m2/repository/io/micrometer/micrometer-core/1.7.7/micrometer-core-1.7.7.jar:/Users/quatranipaul/.m2/repository/org/hdrhistogram/HdrHistogram/2.1.12/HdrHistogram-2.1.12.jar:/Users/quatranipaul/.m2/repository/org/latencyutils/LatencyUtils/2.0.3/LatencyUtils-2.0.3.jar:/Users/quatranipaul/.m2/repository/org/springframework/boot/spring-boot-starter-data-jpa/2.5.8/spring-boot-starter-data-jpa-2.5.8.jar:/Users/quatranipaul/.m2/repository/org/springframework/boot/spring-boot-starter-jdbc/2.5.8/spring-boot-starter-jdbc-2.5.8.jar:/Users/quatranipaul/.m2/repository/org/springframework/spring-jdbc/5.3.14/spring-jdbc-5.3.14.jar:/Users/quatranipaul/.m2/repository/jakarta/transaction/jakarta.transaction-api/1.3.3/jakarta.transaction-api-1.3.3.jar:/Users/quatranipaul/.m2/repository/jakarta/persistence/jakarta.persistence-api/2.2.3/jakarta.persistence-api-2.2.3.jar:/Users/quatranipaul/.m2/repository/org/springframework/data/spring-data-jpa/2.5.7/spring-data-jpa-2.5.7.jar:/Users/quatranipaul/.m2/repository/org/springframework/spring-orm/5.3.14/spring-orm-5.3.14.jar:/Users/quatranipaul/.m2/repository/org/springframework/spring-tx/5.3.14/spring-tx-5.3.14.jar:/Users/quatranipaul/.m2/repository/org/springframework/spring-aspects/5.3.14/spring-aspects-5.3.14.jar:/Users/quatranipaul/.m2/repository/org/springframework/boot/spring-boot-starter-logging/2.5.8/spring-boot-starter-logging-2.5.8.jar:/Users/quatranipaul/.m2/repository/ch/qos/logback/logback-classic/1.2.9/logback-classic-1.2.9.jar:/Users/quatranipaul/.m2/repository/ch/qos/logback/logback-core/1.2.9/logback-core-1.2.9.jar:/Users/quatranipaul/.m2/repository/org/apache/logging/log4j/log4j-to-slf4j/2.17.0/log4j-to-slf4j-2.17.0.jar:/Users/quatranipaul/.m2/repository/org/apache/logging/log4j/log4j-api/2.17.0/log4j-api-2.17.0.jar:/Users/quatranipaul/.m2/repository/org/slf4j/jul-to-slf4j/1.7.32/jul-to-slf4j-1.7.32.jar:/Users/quatranipaul/.m2/repository/org/springframework/boot/spring-boot-starter-mail/2.5.8/spring-boot-starter-mail-2.5.8.jar:/Users/quatranipaul/.m2/repository/com/sun/mail/jakarta.mail/1.6.7/jakarta.mail-1.6.7.jar:/Users/quatranipaul/.m2/repository/org/springframework/boot/spring-boot-starter-security/2.5.8/spring-boot-starter-security-2.5.8.jar:/Users/quatranipaul/.m2/repository/org/springframework/spring-aop/5.3.14/spring-aop-5.3.14.jar:/Users/quatranipaul/.m2/repository/org/springframework/security/spring-security-config/5.5.4/spring-security-config-5.5.4.jar:/Users/quatranipaul/.m2/repository/org/springframework/security/spring-security-web/5.5.4/spring-security-web-5.5.4.jar:/Users/quatranipaul/.m2/repository/org/springframework/boot/spring-boot-starter-thymeleaf/2.5.8/spring-boot-starter-thymeleaf-2.5.8.jar:/Users/quatranipaul/.m2/repository/org/thymeleaf/thymeleaf-spring5/3.0.14.RELEASE/thymeleaf-spring5-3.0.14.RELEASE.jar:/Users/quatranipaul/.m2/repository/org/thymeleaf/thymeleaf/3.0.14.RELEASE/thymeleaf-3.0.14.RELEASE.jar:/Users/quatranipaul/.m2/repository/org/attoparser/attoparser/2.0.5.RELEASE/attoparser-2.0.5.RELEASE.jar:/Users/quatranipaul/.m2/repository/org/unbescape/unbescape/1.1.6.RELEASE/unbescape-1.1.6.RELEASE.jar:/Users/quatranipaul/.m2/repository/org/thymeleaf/extras/thymeleaf-extras-java8time/3.0.4.RELEASE/thymeleaf-extras-java8time-3.0.4.RELEASE.jar:/Users/quatranipaul/.m2/repository/org/springframework/boot/spring-boot-starter-web/2.5.8/spring-boot-starter-web-2.5.8.jar:/Users/quatranipaul/.m2/repository/org/springframework/boot/spring-boot-starter-json/2.5.8/spring-boot-starter-json-2.5.8.jar:/Users/quatranipaul/.m2/repository/com/fasterxml/jackson/datatype/jackson-datatype-jdk8/2.12.6/jackson-datatype-jdk8-2.12.6.jar:/Users/quatranipaul/.m2/repository/com/fasterxml/jackson/module/jackson-module-parameter-names/2.12.6/jackson-module-parameter-names-2.12.6.jar:/Users/quatranipaul/.m2/repository/org/springframework/spring-web/5.3.14/spring-web-5.3.14.jar:/Users/quatranipaul/.m2/repository/org/springframework/boot/spring-boot-starter-test/2.5.8/spring-boot-starter-test-2.5.8.jar:/Users/quatranipaul/.m2/repository/org/springframework/boot/spring-boot-test-autoconfigure/2.5.8/spring-boot-test-autoconfigure-2.5.8.jar:/Users/quatranipaul/.m2/repository/com/jayway/jsonpath/json-path/2.5.0/json-path-2.5.0.jar:/Users/quatranipaul/.m2/repository/net/minidev/json-smart/2.4.7/json-smart-2.4.7.jar:/Users/quatranipaul/.m2/repository/net/minidev/accessors-smart/2.4.7/accessors-smart-2.4.7.jar:/Users/quatranipaul/.m2/repository/org/ow2/asm/asm/9.1/asm-9.1.jar:/Users/quatranipaul/.m2/repository/org/assertj/assertj-core/3.19.0/assertj-core-3.19.0.jar:/Users/quatranipaul/.m2/repository/org/hamcrest/hamcrest/2.2/hamcrest-2.2.jar:/Users/quatranipaul/.m2/repository/org/junit/jupiter/junit-jupiter/5.7.2/junit-jupiter-5.7.2.jar:/Users/quatranipaul/.m2/repository/org/junit/jupiter/junit-jupiter-api/5.7.2/junit-jupiter-api-5.7.2.jar:/Users/quatranipaul/.m2/repository/org/opentest4j/opentest4j/1.2.0/opentest4j-1.2.0.jar:/Users/quatranipaul/.m2/repository/org/junit/platform/junit-platform-commons/1.7.2/junit-platform-commons-1.7.2.jar:/Users/quatranipaul/.m2/repository/org/junit/jupiter/junit-jupiter-params/5.7.2/junit-jupiter-params-5.7.2.jar:/Users/quatranipaul/.m2/repository/org/junit/jupiter/junit-jupiter-engine/5.7.2/junit-jupiter-engine-5.7.2.jar:/Users/quatranipaul/.m2/repository/org/mockito/mockito-core/3.9.0/mockito-core-3.9.0.jar:/Users/quatranipaul/.m2/repository/net/bytebuddy/byte-buddy-agent/1.10.22/byte-buddy-agent-1.10.22.jar:/Users/quatranipaul/.m2/repository/org/objenesis/objenesis/3.2/objenesis-3.2.jar:/Users/quatranipaul/.m2/repository/org/mockito/mockito-junit-jupiter/3.9.0/mockito-junit-jupiter-3.9.0.jar:/Users/quatranipaul/.m2/repository/org/skyscreamer/jsonassert/1.5.0/jsonassert-1.5.0.jar:/Users/quatranipaul/.m2/repository/org/springframework/spring-test/5.3.14/spring-test-5.3.14.jar:/Users/quatranipaul/.m2/repository/org/xmlunit/xmlunit-core/2.8.4/xmlunit-core-2.8.4.jar:/Users/quatranipaul/.m2/repository/org/springframework/boot/spring-boot-test/2.5.8/spring-boot-test-2.5.8.jar:/Users/quatranipaul/.m2/repository/org/springframework/boot/spring-boot/2.5.8/spring-boot-2.5.8.jar:/Users/quatranipaul/.m2/repository/org/springframework/security/spring-security-test/5.5.4/spring-security-test-5.5.4.jar:/Users/quatranipaul/.m2/repository/org/springframework/security/spring-security-core/5.5.4/spring-security-core-5.5.4.jar:/Users/quatranipaul/.m2/repository/org/springframework/security/spring-security-crypto/5.5.4/spring-security-crypto-5.5.4.jar:/Users/quatranipaul/.m2/repository/com/tngtech/archunit/archunit-junit5-api/0.22.0/archunit-junit5-api-0.22.0.jar:/Users/quatranipaul/.m2/repository/com/tngtech/archunit/archunit/0.22.0/archunit-0.22.0.jar:/Users/quatranipaul/.m2/repository/com/tngtech/archunit/archunit-junit5-engine/0.22.0/archunit-junit5-engine-0.22.0.jar:/Users/quatranipaul/.m2/repository/com/tngtech/archunit/archunit-junit5-engine-api/0.22.0/archunit-junit5-engine-api-0.22.0.jar:/Users/quatranipaul/.m2/repository/org/junit/platform/junit-platform-engine/1.7.2/junit-platform-engine-1.7.2.jar:/Users/quatranipaul/.m2/repository/org/zalando/problem-spring-web/0.27.0/problem-spring-web-0.27.0.jar:/Users/quatranipaul/.m2/repository/org/zalando/problem-violations/0.27.0/problem-violations-0.27.0.jar:/Users/quatranipaul/.m2/repository/org/zalando/problem-spring-common/0.27.0/problem-spring-common-0.27.0.jar:/Users/quatranipaul/.m2/repository/org/apiguardian/apiguardian-api/1.1.2/apiguardian-api-1.1.2.jar:/Users/quatranipaul/.m2/repository/com/google/code/findbugs/jsr305/3.0.2/jsr305-3.0.2.jar:/Users/quatranipaul/.m2/repository/org/zalando/problem/0.26.0/problem-0.26.0.jar:/Users/quatranipaul/.m2/repository/org/zalando/jackson-datatype-problem/0.26.0/jackson-datatype-problem-0.26.0.jar:/Users/quatranipaul/.m2/repository/org/zalando/faux-pas/0.9.0/faux-pas-0.9.0.jar:/Users/quatranipaul/.m2/repository/javax/validation/validation-api/2.0.1.Final/validation-api-2.0.1.Final.jar:/Users/quatranipaul/.m2/repository/org/springframework/boot/spring-boot-starter-undertow/2.5.8/spring-boot-starter-undertow-2.5.8.jar:/Users/quatranipaul/.m2/repository/io/undertow/undertow-core/2.2.14.Final/undertow-core-2.2.14.Final.jar:/Users/quatranipaul/.m2/repository/org/jboss/xnio/xnio-api/3.8.4.Final/xnio-api-3.8.4.Final.jar:/Users/quatranipaul/.m2/repository/org/wildfly/common/wildfly-common/1.5.2.Final/wildfly-common-1.5.2.Final.jar:/Users/quatranipaul/.m2/repository/org/wildfly/client/wildfly-client-config/1.0.1.Final/wildfly-client-config-1.0.1.Final.jar:/Users/quatranipaul/.m2/repository/org/jboss/xnio/xnio-nio/3.8.4.Final/xnio-nio-3.8.4.Final.jar:/Users/quatranipaul/.m2/repository/org/jboss/threads/jboss-threads/3.1.0.Final/jboss-threads-3.1.0.Final.jar:/Users/quatranipaul/.m2/repository/io/undertow/undertow-servlet/2.2.14.Final/undertow-servlet-2.2.14.Final.jar:/Users/quatranipaul/.m2/repository/io/undertow/undertow-websockets-jsr/2.2.14.Final/undertow-websockets-jsr-2.2.14.Final.jar:/Users/quatranipaul/.m2/repository/jakarta/servlet/jakarta.servlet-api/4.0.4/jakarta.servlet-api-4.0.4.jar:/Users/quatranipaul/.m2/repository/jakarta/websocket/jakarta.websocket-api/1.1.2/jakarta.websocket-api-1.1.2.jar:/Users/quatranipaul/.m2/repository/org/apache/tomcat/embed/tomcat-embed-el/9.0.56/tomcat-embed-el-9.0.56.jar:/Users/quatranipaul/.m2/repository/io/jsonwebtoken/jjwt-api/0.11.2/jjwt-api-0.11.2.jar:/Users/quatranipaul/.m2/repository/io/jsonwebtoken/jjwt-impl/0.11.2/jjwt-impl-0.11.2.jar:/Users/quatranipaul/.m2/repository/io/jsonwebtoken/jjwt-jackson/0.11.2/jjwt-jackson-0.11.2.jar:/Users/quatranipaul/.m2/repository/org/springframework/cloud/spring-cloud-starter-bootstrap/3.0.4/spring-cloud-starter-bootstrap-3.0.4.jar:/Users/quatranipaul/.m2/repository/org/springframework/cloud/spring-cloud-starter/3.0.4/spring-cloud-starter-3.0.4.jar:/Users/quatranipaul/.m2/repository/org/springframework/cloud/spring-cloud-context/3.0.4/spring-cloud-context-3.0.4.jar:/Users/quatranipaul/.m2/repository/org/springframework/cloud/spring-cloud-commons/3.0.4/spring-cloud-commons-3.0.4.jar:/Users/quatranipaul/.m2/repository/org/springframework/security/spring-security-rsa/1.0.10.RELEASE/spring-security-rsa-1.0.10.RELEASE.jar:/Users/quatranipaul/.m2/repository/org/bouncycastle/bcpkix-jdk15on/1.68/bcpkix-jdk15on-1.68.jar:/Users/quatranipaul/.m2/repository/org/bouncycastle/bcprov-jdk15on/1.68/bcprov-jdk15on-1.68.jar:/Users/quatranipaul/.m2/repository/org/springframework/security/spring-security-data/5.5.4/spring-security-data-5.5.4.jar:/Users/quatranipaul/.m2/repository/org/springframework/data/spring-data-commons/2.5.7/spring-data-commons-2.5.7.jar:/Users/quatranipaul/.m2/repository/io/micrometer/micrometer-registry-prometheus/1.7.7/micrometer-registry-prometheus-1.7.7.jar:/Users/quatranipaul/.m2/repository/io/prometheus/simpleclient_common/0.10.0/simpleclient_common-0.10.0.jar:/Users/quatranipaul/.m2/repository/io/prometheus/simpleclient/0.14.1/simpleclient-0.14.1.jar:/Users/quatranipaul/.m2/repository/io/prometheus/simpleclient_tracer_otel/0.14.1/simpleclient_tracer_otel-0.14.1.jar:/Users/quatranipaul/.m2/repository/io/prometheus/simpleclient_tracer_common/0.14.1/simpleclient_tracer_common-0.14.1.jar:/Users/quatranipaul/.m2/repository/io/prometheus/simpleclient_tracer_otel_agent/0.14.1/simpleclient_tracer_otel_agent-0.14.1.jar:/Users/quatranipaul/.m2/repository/io/dropwizard/metrics/metrics-core/4.1.29/metrics-core-4.1.29.jar:/Users/quatranipaul/.m2/repository/org/testcontainers/postgresql/1.16.2/postgresql-1.16.2.jar:/Users/quatranipaul/.m2/repository/org/testcontainers/jdbc/1.16.2/jdbc-1.16.2.jar:/Users/quatranipaul/.m2/repository/org/testcontainers/database-commons/1.16.2/database-commons-1.16.2.jar:/Users/quatranipaul/.m2/repository/org/testcontainers/testcontainers/1.16.2/testcontainers-1.16.2.jar:/Users/quatranipaul/.m2/repository/junit/junit/4.13.2/junit-4.13.2.jar:/Users/quatranipaul/.m2/repository/org/hamcrest/hamcrest-core/2.2/hamcrest-core-2.2.jar:/Users/quatranipaul/.m2/repository/org/rnorth/duct-tape/duct-tape/1.0.8/duct-tape-1.0.8.jar:/Users/quatranipaul/.m2/repository/org/jetbrains/annotations/17.0.0/annotations-17.0.0.jar:/Users/quatranipaul/.m2/repository/com/github/docker-java/docker-java-api/3.2.12/docker-java-api-3.2.12.jar:/Users/quatranipaul/.m2/repository/com/github/docker-java/docker-java-transport-zerodep/3.2.12/docker-java-transport-zerodep-3.2.12.jar:/Users/quatranipaul/.m2/repository/com/github/docker-java/docker-java-transport/3.2.12/docker-java-transport-3.2.12.jar:/Users/quatranipaul/.m2/repository/net/java/dev/jna/jna/5.8.0/jna-5.8.0.jar:/Users/quatranipaul/.m2/repository/com/h2database/h2/1.4.200/h2-1.4.200.jar:/Users/quatranipaul/.m2/repository/org/postgresql/postgresql/42.2.24/postgresql-42.2.24.jar:/Users/quatranipaul/.m2/repository/org/checkerframework/checker-qual/3.5.0/checker-qual-3.5.0.jar:/Users/quatranipaul/.m2/repository/org/springframework/boot/spring-boot-devtools/2.5.8/spring-boot-devtools-2.5.8.jar:"/>
    <property name="java.vm.vendor" value="Homebrew"/>
    <property name="sun.arch.data.model" value="64"/>
    <property name="java.vendor.url" value="https://github.com/Homebrew/homebrew-core/issues"/>
    <property name="user.timezone" value="America/New_York"/>
    <property name="os.name" value="Mac OS X"/>
    <property name="java.vm.specification.version" value="17"/>
    <property name="sun.java.launcher" value="SUN_STANDARD"/>
    <property name="user.country" value="US"/>
    <property name="sun.boot.library.path" value="/usr/local/Cellar/openjdk/17.0.1_1/libexec/openjdk.jdk/Contents/Home/lib"/>
    <property name="sun.java.command" value="/Users/quatranipaul/Projects/FullStack-Campr/target/surefire/surefirebooter6239847544687710061.jar /Users/quatranipaul/Projects/FullStack-Campr/target/surefire 2022-01-15T16-50-37_756-jvmRun1 surefire7354066168327368201tmp surefire_06857222476400067273tmp"/>
    <property name="http.nonProxyHosts" value="local|*.local|169.254/16|*.169.254/16"/>
    <property name="jdk.debug" value="release"/>
    <property name="surefire.test.class.path" value="/Users/quatranipaul/Projects/FullStack-Campr/target/test-classes:/Users/quatranipaul/Projects/FullStack-Campr/target/classes:/Users/quatranipaul/.m2/repository/tech/jhipster/jhipster-framework/7.5.0/jhipster-framework-7.5.0.jar:/Users/quatranipaul/.m2/repository/org/springframework/spring-context-support/5.3.14/spring-context-support-5.3.14.jar:/Users/quatranipaul/.m2/repository/org/springframework/spring-beans/5.3.14/spring-beans-5.3.14.jar:/Users/quatranipaul/.m2/repository/org/springframework/spring-context/5.3.14/spring-context-5.3.14.jar:/Users/quatranipaul/.m2/repository/org/springframework/boot/spring-boot-starter-validation/2.5.8/spring-boot-starter-validation-2.5.8.jar:/Users/quatranipaul/.m2/repository/org/springframework/boot/spring-boot-autoconfigure/2.5.8/spring-boot-autoconfigure-2.5.8.jar:/Users/quatranipaul/.m2/repository/org/springframework/boot/spring-boot-starter-aop/2.5.8/spring-boot-starter-aop-2.5.8.jar:/Users/quatranipaul/.m2/repository/org/aspectj/aspectjweaver/1.9.7/aspectjweaver-1.9.7.jar:/Users/quatranipaul/.m2/repository/net/logstash/logback/logstash-logback-encoder/7.0.1/logstash-logback-encoder-7.0.1.jar:/Users/quatranipaul/.m2/repository/javax/annotation/javax.annotation-api/1.3.2/javax.annotation-api-1.3.2.jar:/Users/quatranipaul/.m2/repository/org/springframework/boot/spring-boot-starter-cache/2.5.8/spring-boot-starter-cache-2.5.8.jar:/Users/quatranipaul/.m2/repository/org/springframework/boot/spring-boot-starter/2.5.8/spring-boot-starter-2.5.8.jar:/Users/quatranipaul/.m2/repository/jakarta/annotation/jakarta.annotation-api/1.3.5/jakarta.annotation-api-1.3.5.jar:/Users/quatranipaul/.m2/repository/org/yaml/snakeyaml/1.28/snakeyaml-1.28.jar:/Users/quatranipaul/.m2/repository/com/fasterxml/jackson/module/jackson-module-jaxb-annotations/2.12.6/jackson-module-jaxb-annotations-2.12.6.jar:/Users/quatranipaul/.m2/repository/com/fasterxml/jackson/core/jackson-annotations/2.12.6/jackson-annotations-2.12.6.jar:/Users/quatranipaul/.m2/repository/com/fasterxml/jackson/core/jackson-core/2.12.6/jackson-core-2.12.6.jar:/Users/quatranipaul/.m2/repository/com/fasterxml/jackson/core/jackson-databind/2.12.6/jackson-databind-2.12.6.jar:/Users/quatranipaul/.m2/repository/jakarta/xml/bind/jakarta.xml.bind-api/2.3.3/jakarta.xml.bind-api-2.3.3.jar:/Users/quatranipaul/.m2/repository/jakarta/activation/jakarta.activation-api/1.2.2/jakarta.activation-api-1.2.2.jar:/Users/quatranipaul/.m2/repository/com/fasterxml/jackson/datatype/jackson-datatype-hibernate5/2.12.6/jackson-datatype-hibernate5-2.12.6.jar:/Users/quatranipaul/.m2/repository/javax/transaction/javax.transaction-api/1.3/javax.transaction-api-1.3.jar:/Users/quatranipaul/.m2/repository/com/fasterxml/jackson/datatype/jackson-datatype-hppc/2.12.6/jackson-datatype-hppc-2.12.6.jar:/Users/quatranipaul/.m2/repository/com/carrotsearch/hppc/0.8.1/hppc-0.8.1.jar:/Users/quatranipaul/.m2/repository/com/fasterxml/jackson/datatype/jackson-datatype-jsr310/2.12.6/jackson-datatype-jsr310-2.12.6.jar:/Users/quatranipaul/.m2/repository/org/springdoc/springdoc-openapi-webmvc-core/1.6.2/springdoc-openapi-webmvc-core-1.6.2.jar:/Users/quatranipaul/.m2/repository/org/springdoc/springdoc-openapi-common/1.6.2/springdoc-openapi-common-1.6.2.jar:/Users/quatranipaul/.m2/repository/io/swagger/core/v3/swagger-models/2.1.11/swagger-models-2.1.11.jar:/Users/quatranipaul/.m2/repository/io/swagger/core/v3/swagger-annotations/2.1.11/swagger-annotations-2.1.11.jar:/Users/quatranipaul/.m2/repository/io/swagger/core/v3/swagger-integration/2.1.11/swagger-integration-2.1.11.jar:/Users/quatranipaul/.m2/repository/io/swagger/core/v3/swagger-core/2.1.11/swagger-core-2.1.11.jar:/Users/quatranipaul/.m2/repository/com/fasterxml/jackson/dataformat/jackson-dataformat-yaml/2.12.6/jackson-dataformat-yaml-2.12.6.jar:/Users/quatranipaul/.m2/repository/io/github/classgraph/classgraph/4.8.116/classgraph-4.8.116.jar:/Users/quatranipaul/.m2/repository/org/springframework/spring-webmvc/5.3.14/spring-webmvc-5.3.14.jar:/Users/quatranipaul/.m2/repository/org/springframework/spring-expression/5.3.14/spring-expression-5.3.14.jar:/Users/quatranipaul/.m2/repository/com/zaxxer/HikariCP/4.0.3/HikariCP-4.0.3.jar:/Users/quatranipaul/.m2/repository/org/slf4j/slf4j-api/1.7.32/slf4j-api-1.7.32.jar:/Users/quatranipaul/.m2/repository/org/apache/commons/commons-lang3/3.12.0/commons-lang3-3.12.0.jar:/Users/quatranipaul/.m2/repository/javax/cache/cache-api/1.1.1/cache-api-1.1.1.jar:/Users/quatranipaul/.m2/repository/org/ehcache/ehcache/3.9.9/ehcache-3.9.9.jar:/Users/quatranipaul/.m2/repository/org/hibernate/hibernate-jcache/5.4.33/hibernate-jcache-5.4.33.jar:/Users/quatranipaul/.m2/repository/org/jboss/logging/jboss-logging/3.4.2.Final/jboss-logging-3.4.2.Final.jar:/Users/quatranipaul/.m2/repository/org/hibernate/hibernate-jpamodelgen/5.4.33/hibernate-jpamodelgen-5.4.33.jar:/Users/quatranipaul/.m2/repository/javax/xml/bind/jaxb-api/2.3.1/jaxb-api-2.3.1.jar:/Users/quatranipaul/.m2/repository/org/glassfish/jaxb/jaxb-runtime/2.3.5/jaxb-runtime-2.3.5.jar:/Users/quatranipaul/.m2/repository/org/glassfish/jaxb/txw2/2.3.5/txw2-2.3.5.jar:/Users/quatranipaul/.m2/repository/com/sun/istack/istack-commons-runtime/3.0.12/istack-commons-runtime-3.0.12.jar:/Users/quatranipaul/.m2/repository/com/sun/activation/jakarta.activation/1.2.2/jakarta.activation-1.2.2.jar:/Users/quatranipaul/.m2/repository/org/hibernate/hibernate-core/5.4.33/hibernate-core-5.4.33.jar:/Users/quatranipaul/.m2/repository/javax/persistence/javax.persistence-api/2.2/javax.persistence-api-2.2.jar:/Users/quatranipaul/.m2/repository/org/javassist/javassist/3.27.0-GA/javassist-3.27.0-GA.jar:/Users/quatranipaul/.m2/repository/net/bytebuddy/byte-buddy/1.10.22/byte-buddy-1.10.22.jar:/Users/quatranipaul/.m2/repository/antlr/antlr/2.7.7/antlr-2.7.7.jar:/Users/quatranipaul/.m2/repository/org/jboss/spec/javax/transaction/jboss-transaction-api_1.2_spec/1.1.1.Final/jboss-transaction-api_1.2_spec-1.1.1.Final.jar:/Users/quatranipaul/.m2/repository/org/jboss/jandex/2.2.3.Final/jandex-2.2.3.Final.jar:/Users/quatranipaul/.m2/repository/com/fasterxml/classmate/1.5.1/classmate-1.5.1.jar:/Users/quatranipaul/.m2/repository/javax/activation/javax.activation-api/1.2.0/javax.activation-api-1.2.0.jar:/Users/quatranipaul/.m2/repository/org/dom4j/dom4j/2.1.3/dom4j-2.1.3.jar:/Users/quatranipaul/.m2/repository/org/hibernate/common/hibernate-commons-annotations/5.1.2.Final/hibernate-commons-annotations-5.1.2.Final.jar:/Users/quatranipaul/.m2/repository/org/hibernate/validator/hibernate-validator/6.2.0.Final/hibernate-validator-6.2.0.Final.jar:/Users/quatranipaul/.m2/repository/jakarta/validation/jakarta.validation-api/2.0.2/jakarta.validation-api-2.0.2.jar:/Users/quatranipaul/.m2/repository/org/liquibase/liquibase-core/4.6.1/liquibase-core-4.6.1.jar:/Users/quatranipaul/.m2/repository/org/mapstruct/mapstruct/1.4.2.Final/mapstruct-1.4.2.Final.jar:/Users/quatranipaul/.m2/repository/org/mapstruct/mapstruct-processor/1.4.2.Final/mapstruct-processor-1.4.2.Final.jar:/Users/quatranipaul/.m2/repository/org/springframework/boot/spring-boot-configuration-processor/2.5.8/spring-boot-configuration-processor-2.5.8.jar:/Users/quatranipaul/.m2/repository/org/springframework/boot/spring-boot-loader-tools/2.5.8/spring-boot-loader-tools-2.5.8.jar:/Users/quatranipaul/.m2/repository/org/apache/commons/commons-compress/1.21/commons-compress-1.21.jar:/Users/quatranipaul/.m2/repository/org/springframework/spring-core/5.3.14/spring-core-5.3.14.jar:/Users/quatranipaul/.m2/repository/org/springframework/spring-jcl/5.3.14/spring-jcl-5.3.14.jar:/Users/quatranipaul/.m2/repository/org/springframework/boot/spring-boot-starter-actuator/2.5.8/spring-boot-starter-actuator-2.5.8.jar:/Users/quatranipaul/.m2/repository/org/springframework/boot/spring-boot-actuator-autoconfigure/2.5.8/spring-boot-actuator-autoconfigure-2.5.8.jar:/Users/quatranipaul/.m2/repository/org/springframework/boot/spring-boot-actuator/2.5.8/spring-boot-actuator-2.5.8.jar:/Users/quatranipaul/.m2/repository/io/micrometer/micrometer-core/1.7.7/micrometer-core-1.7.7.jar:/Users/quatranipaul/.m2/repository/org/hdrhistogram/HdrHistogram/2.1.12/HdrHistogram-2.1.12.jar:/Users/quatranipaul/.m2/repository/org/latencyutils/LatencyUtils/2.0.3/LatencyUtils-2.0.3.jar:/Users/quatranipaul/.m2/repository/org/springframework/boot/spring-boot-starter-data-jpa/2.5.8/spring-boot-starter-data-jpa-2.5.8.jar:/Users/quatranipaul/.m2/repository/org/springframework/boot/spring-boot-starter-jdbc/2.5.8/spring-boot-starter-jdbc-2.5.8.jar:/Users/quatranipaul/.m2/repository/org/springframework/spring-jdbc/5.3.14/spring-jdbc-5.3.14.jar:/Users/quatranipaul/.m2/repository/jakarta/transaction/jakarta.transaction-api/1.3.3/jakarta.transaction-api-1.3.3.jar:/Users/quatranipaul/.m2/repository/jakarta/persistence/jakarta.persistence-api/2.2.3/jakarta.persistence-api-2.2.3.jar:/Users/quatranipaul/.m2/repository/org/springframework/data/spring-data-jpa/2.5.7/spring-data-jpa-2.5.7.jar:/Users/quatranipaul/.m2/repository/org/springframework/spring-orm/5.3.14/spring-orm-5.3.14.jar:/Users/quatranipaul/.m2/repository/org/springframework/spring-tx/5.3.14/spring-tx-5.3.14.jar:/Users/quatranipaul/.m2/repository/org/springframework/spring-aspects/5.3.14/spring-aspects-5.3.14.jar:/Users/quatranipaul/.m2/repository/org/springframework/boot/spring-boot-starter-logging/2.5.8/spring-boot-starter-logging-2.5.8.jar:/Users/quatranipaul/.m2/repository/ch/qos/logback/logback-classic/1.2.9/logback-classic-1.2.9.jar:/Users/quatranipaul/.m2/repository/ch/qos/logback/logback-core/1.2.9/logback-core-1.2.9.jar:/Users/quatranipaul/.m2/repository/org/apache/logging/log4j/log4j-to-slf4j/2.17.0/log4j-to-slf4j-2.17.0.jar:/Users/quatranipaul/.m2/repository/org/apache/logging/log4j/log4j-api/2.17.0/log4j-api-2.17.0.jar:/Users/quatranipaul/.m2/repository/org/slf4j/jul-to-slf4j/1.7.32/jul-to-slf4j-1.7.32.jar:/Users/quatranipaul/.m2/repository/org/springframework/boot/spring-boot-starter-mail/2.5.8/spring-boot-starter-mail-2.5.8.jar:/Users/quatranipaul/.m2/repository/com/sun/mail/jakarta.mail/1.6.7/jakarta.mail-1.6.7.jar:/Users/quatranipaul/.m2/repository/org/springframework/boot/spring-boot-starter-security/2.5.8/spring-boot-starter-security-2.5.8.jar:/Users/quatranipaul/.m2/repository/org/springframework/spring-aop/5.3.14/spring-aop-5.3.14.jar:/Users/quatranipaul/.m2/repository/org/springframework/security/spring-security-config/5.5.4/spring-security-config-5.5.4.jar:/Users/quatranipaul/.m2/repository/org/springframework/security/spring-security-web/5.5.4/spring-security-web-5.5.4.jar:/Users/quatranipaul/.m2/repository/org/springframework/boot/spring-boot-starter-thymeleaf/2.5.8/spring-boot-starter-thymeleaf-2.5.8.jar:/Users/quatranipaul/.m2/repository/org/thymeleaf/thymeleaf-spring5/3.0.14.RELEASE/thymeleaf-spring5-3.0.14.RELEASE.jar:/Users/quatranipaul/.m2/repository/org/thymeleaf/thymeleaf/3.0.14.RELEASE/thymeleaf-3.0.14.RELEASE.jar:/Users/quatranipaul/.m2/repository/org/attoparser/attoparser/2.0.5.RELEASE/attoparser-2.0.5.RELEASE.jar:/Users/quatranipaul/.m2/repository/org/unbescape/unbescape/1.1.6.RELEASE/unbescape-1.1.6.RELEASE.jar:/Users/quatranipaul/.m2/repository/org/thymeleaf/extras/thymeleaf-extras-java8time/3.0.4.RELEASE/thymeleaf-extras-java8time-3.0.4.RELEASE.jar:/Users/quatranipaul/.m2/repository/org/springframework/boot/spring-boot-starter-web/2.5.8/spring-boot-starter-web-2.5.8.jar:/Users/quatranipaul/.m2/repository/org/springframework/boot/spring-boot-starter-json/2.5.8/spring-boot-starter-json-2.5.8.jar:/Users/quatranipaul/.m2/repository/com/fasterxml/jackson/datatype/jackson-datatype-jdk8/2.12.6/jackson-datatype-jdk8-2.12.6.jar:/Users/quatranipaul/.m2/repository/com/fasterxml/jackson/module/jackson-module-parameter-names/2.12.6/jackson-module-parameter-names-2.12.6.jar:/Users/quatranipaul/.m2/repository/org/springframework/spring-web/5.3.14/spring-web-5.3.14.jar:/Users/quatranipaul/.m2/repository/org/springframework/boot/spring-boot-starter-test/2.5.8/spring-boot-starter-test-2.5.8.jar:/Users/quatranipaul/.m2/repository/org/springframework/boot/spring-boot-test-autoconfigure/2.5.8/spring-boot-test-autoconfigure-2.5.8.jar:/Users/quatranipaul/.m2/repository/com/jayway/jsonpath/json-path/2.5.0/json-path-2.5.0.jar:/Users/quatranipaul/.m2/repository/net/minidev/json-smart/2.4.7/json-smart-2.4.7.jar:/Users/quatranipaul/.m2/repository/net/minidev/accessors-smart/2.4.7/accessors-smart-2.4.7.jar:/Users/quatranipaul/.m2/repository/org/ow2/asm/asm/9.1/asm-9.1.jar:/Users/quatranipaul/.m2/repository/org/assertj/assertj-core/3.19.0/assertj-core-3.19.0.jar:/Users/quatranipaul/.m2/repository/org/hamcrest/hamcrest/2.2/hamcrest-2.2.jar:/Users/quatranipaul/.m2/repository/org/junit/jupiter/junit-jupiter/5.7.2/junit-jupiter-5.7.2.jar:/Users/quatranipaul/.m2/repository/org/junit/jupiter/junit-jupiter-api/5.7.2/junit-jupiter-api-5.7.2.jar:/Users/quatranipaul/.m2/repository/org/opentest4j/opentest4j/1.2.0/opentest4j-1.2.0.jar:/Users/quatranipaul/.m2/repository/org/junit/platform/junit-platform-commons/1.7.2/junit-platform-commons-1.7.2.jar:/Users/quatranipaul/.m2/repository/org/junit/jupiter/junit-jupiter-params/5.7.2/junit-jupiter-params-5.7.2.jar:/Users/quatranipaul/.m2/repository/org/junit/jupiter/junit-jupiter-engine/5.7.2/junit-jupiter-engine-5.7.2.jar:/Users/quatranipaul/.m2/repository/org/mockito/mockito-core/3.9.0/mockito-core-3.9.0.jar:/Users/quatranipaul/.m2/repository/net/bytebuddy/byte-buddy-agent/1.10.22/byte-buddy-agent-1.10.22.jar:/Users/quatranipaul/.m2/repository/org/objenesis/objenesis/3.2/objenesis-3.2.jar:/Users/quatranipaul/.m2/repository/org/mockito/mockito-junit-jupiter/3.9.0/mockito-junit-jupiter-3.9.0.jar:/Users/quatranipaul/.m2/repository/org/skyscreamer/jsonassert/1.5.0/jsonassert-1.5.0.jar:/Users/quatranipaul/.m2/repository/org/springframework/spring-test/5.3.14/spring-test-5.3.14.jar:/Users/quatranipaul/.m2/repository/org/xmlunit/xmlunit-core/2.8.4/xmlunit-core-2.8.4.jar:/Users/quatranipaul/.m2/repository/org/springframework/boot/spring-boot-test/2.5.8/spring-boot-test-2.5.8.jar:/Users/quatranipaul/.m2/repository/org/springframework/boot/spring-boot/2.5.8/spring-boot-2.5.8.jar:/Users/quatranipaul/.m2/repository/org/springframework/security/spring-security-test/5.5.4/spring-security-test-5.5.4.jar:/Users/quatranipaul/.m2/repository/org/springframework/security/spring-security-core/5.5.4/spring-security-core-5.5.4.jar:/Users/quatranipaul/.m2/repository/org/springframework/security/spring-security-crypto/5.5.4/spring-security-crypto-5.5.4.jar:/Users/quatranipaul/.m2/repository/com/tngtech/archunit/archunit-junit5-api/0.22.0/archunit-junit5-api-0.22.0.jar:/Users/quatranipaul/.m2/repository/com/tngtech/archunit/archunit/0.22.0/archunit-0.22.0.jar:/Users/quatranipaul/.m2/repository/com/tngtech/archunit/archunit-junit5-engine/0.22.0/archunit-junit5-engine-0.22.0.jar:/Users/quatranipaul/.m2/repository/com/tngtech/archunit/archunit-junit5-engine-api/0.22.0/archunit-junit5-engine-api-0.22.0.jar:/Users/quatranipaul/.m2/repository/org/junit/platform/junit-platform-engine/1.7.2/junit-platform-engine-1.7.2.jar:/Users/quatranipaul/.m2/repository/org/zalando/problem-spring-web/0.27.0/problem-spring-web-0.27.0.jar:/Users/quatranipaul/.m2/repository/org/zalando/problem-violations/0.27.0/problem-violations-0.27.0.jar:/Users/quatranipaul/.m2/repository/org/zalando/problem-spring-common/0.27.0/problem-spring-common-0.27.0.jar:/Users/quatranipaul/.m2/repository/org/apiguardian/apiguardian-api/1.1.2/apiguardian-api-1.1.2.jar:/Users/quatranipaul/.m2/repository/com/google/code/findbugs/jsr305/3.0.2/jsr305-3.0.2.jar:/Users/quatranipaul/.m2/repository/org/zalando/problem/0.26.0/problem-0.26.0.jar:/Users/quatranipaul/.m2/repository/org/zalando/jackson-datatype-problem/0.26.0/jackson-datatype-problem-0.26.0.jar:/Users/quatranipaul/.m2/repository/org/zalando/faux-pas/0.9.0/faux-pas-0.9.0.jar:/Users/quatranipaul/.m2/repository/javax/validation/validation-api/2.0.1.Final/validation-api-2.0.1.Final.jar:/Users/quatranipaul/.m2/repository/org/springframework/boot/spring-boot-starter-undertow/2.5.8/spring-boot-starter-undertow-2.5.8.jar:/Users/quatranipaul/.m2/repository/io/undertow/undertow-core/2.2.14.Final/undertow-core-2.2.14.Final.jar:/Users/quatranipaul/.m2/repository/org/jboss/xnio/xnio-api/3.8.4.Final/xnio-api-3.8.4.Final.jar:/Users/quatranipaul/.m2/repository/org/wildfly/common/wildfly-common/1.5.2.Final/wildfly-common-1.5.2.Final.jar:/Users/quatranipaul/.m2/repository/org/wildfly/client/wildfly-client-config/1.0.1.Final/wildfly-client-config-1.0.1.Final.jar:/Users/quatranipaul/.m2/repository/org/jboss/xnio/xnio-nio/3.8.4.Final/xnio-nio-3.8.4.Final.jar:/Users/quatranipaul/.m2/repository/org/jboss/threads/jboss-threads/3.1.0.Final/jboss-threads-3.1.0.Final.jar:/Users/quatranipaul/.m2/repository/io/undertow/undertow-servlet/2.2.14.Final/undertow-servlet-2.2.14.Final.jar:/Users/quatranipaul/.m2/repository/io/undertow/undertow-websockets-jsr/2.2.14.Final/undertow-websockets-jsr-2.2.14.Final.jar:/Users/quatranipaul/.m2/repository/jakarta/servlet/jakarta.servlet-api/4.0.4/jakarta.servlet-api-4.0.4.jar:/Users/quatranipaul/.m2/repository/jakarta/websocket/jakarta.websocket-api/1.1.2/jakarta.websocket-api-1.1.2.jar:/Users/quatranipaul/.m2/repository/org/apache/tomcat/embed/tomcat-embed-el/9.0.56/tomcat-embed-el-9.0.56.jar:/Users/quatranipaul/.m2/repository/io/jsonwebtoken/jjwt-api/0.11.2/jjwt-api-0.11.2.jar:/Users/quatranipaul/.m2/repository/io/jsonwebtoken/jjwt-impl/0.11.2/jjwt-impl-0.11.2.jar:/Users/quatranipaul/.m2/repository/io/jsonwebtoken/jjwt-jackson/0.11.2/jjwt-jackson-0.11.2.jar:/Users/quatranipaul/.m2/repository/org/springframework/cloud/spring-cloud-starter-bootstrap/3.0.4/spring-cloud-starter-bootstrap-3.0.4.jar:/Users/quatranipaul/.m2/repository/org/springframework/cloud/spring-cloud-starter/3.0.4/spring-cloud-starter-3.0.4.jar:/Users/quatranipaul/.m2/repository/org/springframework/cloud/spring-cloud-context/3.0.4/spring-cloud-context-3.0.4.jar:/Users/quatranipaul/.m2/repository/org/springframework/cloud/spring-cloud-commons/3.0.4/spring-cloud-commons-3.0.4.jar:/Users/quatranipaul/.m2/repository/org/springframework/security/spring-security-rsa/1.0.10.RELEASE/spring-security-rsa-1.0.10.RELEASE.jar:/Users/quatranipaul/.m2/repository/org/bouncycastle/bcpkix-jdk15on/1.68/bcpkix-jdk15on-1.68.jar:/Users/quatranipaul/.m2/repository/org/bouncycastle/bcprov-jdk15on/1.68/bcprov-jdk15on-1.68.jar:/Users/quatranipaul/.m2/repository/org/springframework/security/spring-security-data/5.5.4/spring-security-data-5.5.4.jar:/Users/quatranipaul/.m2/repository/org/springframework/data/spring-data-commons/2.5.7/spring-data-commons-2.5.7.jar:/Users/quatranipaul/.m2/repository/io/micrometer/micrometer-registry-prometheus/1.7.7/micrometer-registry-prometheus-1.7.7.jar:/Users/quatranipaul/.m2/repository/io/prometheus/simpleclient_common/0.10.0/simpleclient_common-0.10.0.jar:/Users/quatranipaul/.m2/repository/io/prometheus/simpleclient/0.14.1/simpleclient-0.14.1.jar:/Users/quatranipaul/.m2/repository/io/prometheus/simpleclient_tracer_otel/0.14.1/simpleclient_tracer_otel-0.14.1.jar:/Users/quatranipaul/.m2/repository/io/prometheus/simpleclient_tracer_common/0.14.1/simpleclient_tracer_common-0.14.1.jar:/Users/quatranipaul/.m2/repository/io/prometheus/simpleclient_tracer_otel_agent/0.14.1/simpleclient_tracer_otel_agent-0.14.1.jar:/Users/quatranipaul/.m2/repository/io/dropwizard/metrics/metrics-core/4.1.29/metrics-core-4.1.29.jar:/Users/quatranipaul/.m2/repository/org/testcontainers/postgresql/1.16.2/postgresql-1.16.2.jar:/Users/quatranipaul/.m2/repository/org/testcontainers/jdbc/1.16.2/jdbc-1.16.2.jar:/Users/quatranipaul/.m2/repository/org/testcontainers/database-commons/1.16.2/database-commons-1.16.2.jar:/Users/quatranipaul/.m2/repository/org/testcontainers/testcontainers/1.16.2/testcontainers-1.16.2.jar:/Users/quatranipaul/.m2/repository/junit/junit/4.13.2/junit-4.13.2.jar:/Users/quatranipaul/.m2/repository/org/hamcrest/hamcrest-core/2.2/hamcrest-core-2.2.jar:/Users/quatranipaul/.m2/repository/org/rnorth/duct-tape/duct-tape/1.0.8/duct-tape-1.0.8.jar:/Users/quatranipaul/.m2/repository/org/jetbrains/annotations/17.0.0/annotations-17.0.0.jar:/Users/quatranipaul/.m2/repository/com/github/docker-java/docker-java-api/3.2.12/docker-java-api-3.2.12.jar:/Users/quatranipaul/.m2/repository/com/github/docker-java/docker-java-transport-zerodep/3.2.12/docker-java-transport-zerodep-3.2.12.jar:/Users/quatranipaul/.m2/repository/com/github/docker-java/docker-java-transport/3.2.12/docker-java-transport-3.2.12.jar:/Users/quatranipaul/.m2/repository/net/java/dev/jna/jna/5.8.0/jna-5.8.0.jar:/Users/quatranipaul/.m2/repository/com/h2database/h2/1.4.200/h2-1.4.200.jar:/Users/quatranipaul/.m2/repository/org/postgresql/postgresql/42.2.24/postgresql-42.2.24.jar:/Users/quatranipaul/.m2/repository/org/checkerframework/checker-qual/3.5.0/checker-qual-3.5.0.jar:/Users/quatranipaul/.m2/repository/org/springframework/boot/spring-boot-devtools/2.5.8/spring-boot-devtools-2.5.8.jar:"/>
    <property name="sun.cpu.endian" value="little"/>
    <property name="user.home" value="/Users/quatranipaul"/>
    <property name="user.language" value="en"/>
    <property name="java.specification.vendor" value="Oracle Corporation"/>
    <property name="java.version.date" value="2021-10-19"/>
    <property name="java.home" value="/usr/local/Cellar/openjdk/17.0.1_1/libexec/openjdk.jdk/Contents/Home"/>
    <property name="file.separator" value="/"/>
    <property name="basedir" value="/Users/quatranipaul/Projects/FullStack-Campr"/>
    <property name="java.vm.compressedOopsMode" value="Zero based"/>
    <property name="line.separator" value="&#10;"/>
    <property name="java.vm.specification.vendor" value="Oracle Corporation"/>
    <property name="java.specification.name" value="Java Platform API Specification"/>
    <property name="FILE_LOG_CHARSET" value="UTF-8"/>
    <property name="java.awt.headless" value="true"/>
    <property name="surefire.real.class.path" value="/Users/quatranipaul/Projects/FullStack-Campr/target/surefire/surefirebooter6239847544687710061.jar"/>
    <property name="sun.management.compiler" value="HotSpot 64-Bit Tiered Compilers"/>
    <property name="ftp.nonProxyHosts" value="local|*.local|169.254/16|*.169.254/16"/>
    <property name="java.runtime.version" value="17.0.1+1"/>
    <property name="user.name" value="quatranipaul"/>
    <property name="path.separator" value=":"/>
    <property name="java.security.egd" value="file:/dev/./urandom"/>
    <property name="os.version" value="11.6.1"/>
    <property name="java.runtime.name" value="OpenJDK Runtime Environment"/>
    <property name="file.encoding" value="UTF-8"/>
    <property name="spring.beaninfo.ignore" value="true"/>
    <property name="java.vm.name" value="OpenJDK 64-Bit Server VM"/>
    <property name="java.vendor.version" value="Homebrew"/>
    <property name="localRepository" value="/Users/quatranipaul/.m2/repository"/>
    <property name="java.vendor.url.bug" value="https://github.com/Homebrew/homebrew-core/issues"/>
    <property name="java.io.tmpdir" value="/var/folders/_g/mjlkk5px4b97f7p4xhnv0klm0000gp/T/"/>
    <property name="com.zaxxer.hikari.pool_number" value="3"/>
    <property name="java.version" value="17.0.1"/>
    <property name="user.dir" value="/Users/quatranipaul/Projects/FullStack-Campr"/>
    <property name="os.arch" value="x86_64"/>
    <property name="java.vm.specification.name" value="Java Virtual Machine Specification"/>
    <property name="PID" value="11796"/>
    <property name="CONSOLE_LOG_CHARSET" value="UTF-8"/>
    <property name="native.encoding" value="UTF-8"/>
    <property name="java.library.path" value="/Users/quatranipaul/Library/Java/Extensions:/Library/Java/Extensions:/Network/Library/Java/Extensions:/System/Library/Java/Extensions:/usr/lib/java:."/>
    <property name="java.vm.info" value="mixed mode, sharing"/>
    <property name="java.vendor" value="Homebrew"/>
    <property name="java.vm.version" value="17.0.1+1"/>
    <property name="sun.io.unicode.encoding" value="UnicodeBig"/>
    <property name="socksNonProxyHosts" value="local|*.local|169.254/16|*.169.254/16"/>
    <property name="java.class.version" value="61.0"/>
  </properties>
  <testcase name="getNonExistingVideo" classname="com.camp.campr.web.rest.VideoResourceIT" time="0.031">
    <system-out><![CDATA[2022-01-15 16:51:41.773  WARN 11796 --- [           main] o.z.problem.spring.common.AdviceTraits   : Not Found: 404 NOT_FOUND
]]></system-out>
  </testcase>
  <testcase name="patchWithMissingIdPathParamVideo" classname="com.camp.campr.web.rest.VideoResourceIT" time="0.019">
    <system-out><![CDATA[2022-01-15 16:51:41.798  WARN 11796 --- [           main] o.z.problem.spring.common.AdviceTraits   : Method Not Allowed: Request method 'PATCH' not supported
]]></system-out>
  </testcase>
  <testcase name="deleteVideo" classname="com.camp.campr.web.rest.VideoResourceIT" time="0.019"/>
  <testcase name="createVideo" classname="com.camp.campr.web.rest.VideoResourceIT" time="0.026"/>
  <testcase name="getAllVideos" classname="com.camp.campr.web.rest.VideoResourceIT" time="0.015"/>
  <testcase name="patchNonExistingVideo" classname="com.camp.campr.web.rest.VideoResourceIT" time="0.02">
    <system-out><![CDATA[2022-01-15 16:51:41.885 ERROR 11796 --- [           main] tech.jhipster.web.util.HeaderUtil        : Entity processing failed, Entity not found
2022-01-15 16:51:41.885  WARN 11796 --- [           main] o.z.problem.spring.common.AdviceTraits   : Bad Request: Entity not found
]]></system-out>
  </testcase>
  <testcase name="createVideoWithExistingId" classname="com.camp.campr.web.rest.VideoResourceIT" time="0.015">
    <system-out><![CDATA[2022-01-15 16:51:41.900 ERROR 11796 --- [           main] tech.jhipster.web.util.HeaderUtil        : Entity processing failed, A new video cannot already have an ID
2022-01-15 16:51:41.900  WARN 11796 --- [           main] o.z.problem.spring.common.AdviceTraits   : Bad Request: A new video cannot already have an ID
]]></system-out>
  </testcase>
  <testcase name="putNonExistingVideo" classname="com.camp.campr.web.rest.VideoResourceIT" time="0.016">
    <system-out><![CDATA[2022-01-15 16:51:41.917 ERROR 11796 --- [           main] tech.jhipster.web.util.HeaderUtil        : Entity processing failed, Entity not found
2022-01-15 16:51:41.918  WARN 11796 --- [           main] o.z.problem.spring.common.AdviceTraits   : Bad Request: Entity not found
]]></system-out>
  </testcase>
  <testcase name="patchWithIdMismatchVideo" classname="com.camp.campr.web.rest.VideoResourceIT" time="0.019">
    <system-out><![CDATA[2022-01-15 16:51:41.938 ERROR 11796 --- [           main] tech.jhipster.web.util.HeaderUtil        : Entity processing failed, Invalid ID
2022-01-15 16:51:41.938  WARN 11796 --- [           main] o.z.problem.spring.common.AdviceTraits   : Bad Request: Invalid ID
]]></system-out>
  </testcase>
  <testcase name="putWithMissingIdPathParamVideo" classname="com.camp.campr.web.rest.VideoResourceIT" time="0.017">
    <system-out><![CDATA[2022-01-15 16:51:41.956  WARN 11796 --- [           main] o.z.problem.spring.common.AdviceTraits   : Method Not Allowed: Request method 'PUT' not supported
]]></system-out>
  </testcase>
  <testcase name="putNewVideo" classname="com.camp.campr.web.rest.VideoResourceIT" time="0.029"/>
  <testcase name="fullUpdateVideoWithPatch" classname="com.camp.campr.web.rest.VideoResourceIT" time="0.019"/>
  <testcase name="putWithIdMismatchVideo" classname="com.camp.campr.web.rest.VideoResourceIT" time="0.016">
    <system-out><![CDATA[2022-01-15 16:51:42.024 ERROR 11796 --- [           main] tech.jhipster.web.util.HeaderUtil        : Entity processing failed, Invalid ID
2022-01-15 16:51:42.024  WARN 11796 --- [           main] o.z.problem.spring.common.AdviceTraits   : Bad Request: Invalid ID
]]></system-out>
  </testcase>
  <testcase name="getVideo" classname="com.camp.campr.web.rest.VideoResourceIT" time="0.015"/>
  <testcase name="partialUpdateVideoWithPatch" classname="com.camp.campr.web.rest.VideoResourceIT" time="0.018"/>
</testsuite>